cs-planetlab4.cs.surrey.sfu.ca:1.803:1.05
planetlab2.cs.ubc.ca:3.267:9.86
planetlab02.cs.washington.edu:4.856:10.86
planetlab04.cs.washington.edu:6.049:6.81
planetlab4.cs.uoregon.edu:10.553:50.53
planetlab1.cs.uoregon.edu:10.319:3.75
planetlab2.cs.uoregon.edu:11.306:0.33
pl1.cs.montana.edu:19.397:55.11
planetlab1.cs.ucla.edu:29.611:7.6
planetlab2.cs.ucla.edu:29.467:108.41
planetlab1.cs.du.edu:31.07:69.6
planetlab2.cs.du.edu:35.763:423.88
planetlab2.dtc.umn.edu:43.432:0.03
planetlab1.dtc.umn.edu:43.103:0.01
planetlab2.unl.edu:45.567:0.27
planetlab1.unl.edu:45.541:0.12
planetlab1.cs.okstate.edu:46.524:0.08
planetlab2.utdallas.edu:51.899:6.27
planetlab2.uta.edu:50.908:20.71
saturn.planetlab.carleton.ca:52.737:0.09
pl2.rcc.uottawa.ca:52.525:68.32
pl1.rcc.uottawa.ca:53.893:0.17
plonk.cs.uwaterloo.ca:53.553:0.1
planetlab3.eecs.umich.edu:57.557:22.52
planetlab5.eecs.umich.edu:56.898:0.09
pl1.ucs.indiana.edu:58.574:1.83
planetlab-2.cse.ohio-state.edu:61.268:0.22
pl2.cs.unm.edu:60.739:29.72
planetlab2.emich.edu:62.078:3.54
pl3.cs.unm.edu:63.998:0.17
planetlab1.emich.edu:69.13:0.07
planetlab-5.eecs.cwru.edu:70.682:0.31
node1.planetlab.mathcs.emory.edu:70.484:0.15
node2.planetlab.mathcs.emory.edu:71.175:1.12
planetlabone.ccs.neu.edu:74.547:1.36
planetlab3.wail.wisc.edu:73.854:21.8
planetlab1.temple.edu:74.371:0.09
planetlab-03.cs.princeton.edu:75.848:0.19
pluto.cs.brown.edu:77.481:1.71
planetlab2.cs.pitt.edu:76.693:1.22
planetlab-01.cs.princeton.edu:78.151:0.12
planetlab1.cs.purdue.edu:78.148:44.68
planetlab2.rutgers.edu:77.62:21.32
planetlab1.cs.unc.edu:80.182:0.08
planetlab2.cs.purdue.edu:79.697:36.94
planetlab2.cs.uml.edu:79.619:0.08
planetlab1.cs.uml.edu:80.881:0.28
planetlab2.cs.unc.edu:81.179:0.09
planetlab2.citadel.edu:81.166:3.11
planetlab6.csee.usf.edu:83.39:0.18
planetlab5.csee.usf.edu:83.301:0.25
planetlab1.acis.ufl.edu:92.541:34.67
planetlab2.tsuniv.edu:96.366:1.98
planetlab1.tsuniv.edu:96.349:0.1
planetlab2.acis.ufl.edu:103.287:17.56
