[131.179.150.70]
server deployed
nodes list deployed
current node killed
new node started


[131.179.150.72]
server deployed
nodes list deployed
current node killed
new node started


[128.208.4.99]
server deployed
nodes list deployed
current node killed
new node started


[128.208.4.198]
server deployed
nodes list deployed
current node killed
new node started


[134.197.113.4]
server deployed
nodes list deployed
current node killed
new node started


[134.197.113.3]
server deployed
nodes list deployed
current node killed
new node started


[142.103.2.2]
server deployed
nodes list deployed
current node killed
new node started


[52.24.167.227]
server deployed
nodes list deployed
current node killed
new node started


[52.27.213.97]
server deployed
nodes list deployed
current node killed
new node started


[52.34.15.60]
server deployed
nodes list deployed
current node killed
new node started


[52.34.58.188]
server deployed
nodes list deployed
current node killed
new node started


[128.223.8.114]
server deployed
nodes list deployed
current node killed
new node started


[128.223.8.111]
server deployed
nodes list deployed
current node killed
new node started


[128.223.8.112]
server deployed
nodes list deployed
current node killed
new node started


[52.36.0.9]
server deployed
nodes list deployed
current node killed
new node started


[54.215.229.242]
server deployed
nodes list deployed
current node killed
new node started


[52.53.219.93]
server deployed
nodes list deployed
current node killed
new node started


[54.183.53.167]
server deployed
nodes list deployed
current node killed
new node started


[54.153.110.173]
server deployed
nodes list deployed
current node killed
new node started


[198.83.85.45]
server deployed
nodes list deployed
current node killed
new node started


[198.83.85.46]
server deployed
nodes list deployed
current node killed
new node started


